<?xml version="1.0" encoding="UTF-8"?>
<!-- Generated by org.testng.reporters.JUnitXMLReporter -->
<testsuite hostname="Sarmeds-MacBook-Air.local" ignored="8" name=" smoke Test" tests="1" failures="1" timestamp="2020-06-02T20:22:37 EDT" time="27.382" errors="0">
  <testcase name="validAdminLogin" time="11.434" classname="com.hrms.testcases.LoginTest">
    <failure type="java.lang.AssertionError" message="Welcome Admin expected:&amp;lt;Welcome Admin&amp;gt; but was:&amp;lt;Admin is NOT Logged in&amp;gt;">
      <![CDATA[java.lang.AssertionError: Welcome Admin expected:<Welcome Admin> but was:<Admin is NOT Logged in>
at com.hrms.testcases.LoginTest.validAdminLogin(LoginTest.java:33)
at java.util.ArrayList.forEach(ArrayList.java:1257)
... Removed 28 stack frames]]>
    </failure>
  </testcase> <!-- validAdminLogin -->
  <testcase name="@BeforeTest generateReport" time="0.0" classname="com.hrms.testbase.BaseClass">
    <ignored/>
  </testcase> <!-- @BeforeTest generateReport -->
  <testcase name="@BeforeTest generateReport" time="0.0" classname="com.hrms.testbase.BaseClass">
    <ignored/>
  </testcase> <!-- @BeforeTest generateReport -->
  <testcase name="definereport" time="0.0" classname="com.hrms.testcases.DefineReport">
    <ignored/>
  </testcase> <!-- definereport -->
  <testcase name="addEmployee" time="0.0" classname="com.hrms.testcases.AddEmployeeTest">
    <ignored/>
  </testcase> <!-- addEmployee -->
  <testcase name="@AfterTest writeReport" time="0.0" classname="com.hrms.testbase.BaseClass">
    <ignored/>
  </testcase> <!-- @AfterTest writeReport -->
  <testcase name="@AfterTest writeReport" time="0.0" classname="com.hrms.testbase.BaseClass">
    <ignored/>
  </testcase> <!-- @AfterTest writeReport -->
  <testcase name="invalidPasswordLogin" time="0.0" classname="com.hrms.testcases.LoginTest">
    <ignored/>
  </testcase> <!-- invalidPasswordLogin -->
  <testcase name="emptyUsernameLogin" time="0.0" classname="com.hrms.testcases.LoginTest">
    <ignored/>
  </testcase> <!-- emptyUsernameLogin -->
</testsuite> <!--  smoke Test -->
