<?xml version="1.0" encoding="UTF-8"?>
<testng-results skipped="0" failed="0" ignored="0" total="0" passed="0">
  <reporter-output>
  </reporter-output>
  <suite name="com.hrms.testcases.LoginTest" duration-ms="14" started-at="2020-05-30T15:09:16 EDT" finished-at="2020-05-30T15:09:16 EDT">
    <groups>
    </groups>
    <test name="Command line test" duration-ms="14" started-at="2020-05-30T15:09:16 EDT" finished-at="2020-05-30T15:09:16 EDT">
    </test> <!-- Command line test -->
  </suite> <!-- com.hrms.testcases.LoginTest -->
</testng-results>
